[07-May-2018 22:06:45 UTC] PHP Warning:  The use statement with non-compound name 'Hash' has no effect in /home/ubuntu/workspace/api/routes/api.php on line 4
[07-May-2018 22:07:10 UTC] PHP Warning:  The use statement with non-compound name 'Hash' has no effect in /home/ubuntu/workspace/api/routes/api.php on line 4
[11-May-2018 11:28:12 America/Bogota] PHP Fatal error:  Class App\User contains 17 abstract methods and must therefore be declared abstract or implement the remaining methods (OwenIt\Auditing\Contracts\Auditable::audits, OwenIt\Auditing\Contracts\Auditable::setAuditEvent, OwenIt\Auditing\Contracts\Auditable::getAuditEvent, ...) in /home/ubuntu/workspace/api/app/User.php on line 12
[06-Jun-2018 16:03:47 America/Bogota] PHP Fatal error:  Class App\User contains 17 abstract methods and must therefore be declared abstract or implement the remaining methods (OwenIt\Auditing\Contracts\Auditable::audits, OwenIt\Auditing\Contracts\Auditable::setAuditEvent, OwenIt\Auditing\Contracts\Auditable::getAuditEvent, ...) in /home/ubuntu/workspace/api/app/User.php on line 13
[06-Jun-2018 16:05:28 America/Bogota] PHP Fatal error:  Class App\User contains 17 abstract methods and must therefore be declared abstract or implement the remaining methods (OwenIt\Auditing\Contracts\Auditable::audits, OwenIt\Auditing\Contracts\Auditable::setAuditEvent, OwenIt\Auditing\Contracts\Auditable::getAuditEvent, ...) in /home/ubuntu/workspace/api/app/User.php on line 13
[06-Jun-2018 16:08:36 America/Bogota] PHP Fatal error:  Class App\User contains 1 abstract method and must therefore be declared abstract or implement the remaining methods (OwenIt\Auditing\Contracts\UserResolver::resolve) in /home/ubuntu/workspace/api/app/User.php on line 13
[06-Jun-2018 16:15:44 America/Bogota] PHP Fatal error:  Cannot use Illuminate\Database\Eloquent\Model as Model because the name is already in use in /home/ubuntu/workspace/api/app/Action.php on line 14
[06-Jun-2018 16:15:57 America/Bogota] PHP Fatal error:  Cannot use Illuminate\Database\Eloquent\Model as Model because the name is already in use in /home/ubuntu/workspace/api/app/Action.php on line 14
[06-Jun-2018 16:28:47 America/Bogota] PHP Fatal error:  Class App\User contains 1 abstract method and must therefore be declared abstract or implement the remaining methods (OwenIt\Auditing\Contracts\UserResolver::resolve) in /home/ubuntu/workspace/api/app/User.php on line 13
[06-Jun-2018 16:29:11 America/Bogota] PHP Fatal error:  Class App\User contains 1 abstract method and must therefore be declared abstract or implement the remaining methods (OwenIt\Auditing\Contracts\UserResolver::resolve) in /home/ubuntu/workspace/api/app/User.php on line 13
[06-Jun-2018 16:30:28 America/Bogota] PHP Fatal error:  Class App\User contains 1 abstract method and must therefore be declared abstract or implement the remaining methods (OwenIt\Auditing\Contracts\UserResolver::resolve) in /home/ubuntu/workspace/api/app/User.php on line 13
[06-Jun-2018 16:30:39 America/Bogota] PHP Fatal error:  Class App\User contains 1 abstract method and must therefore be declared abstract or implement the remaining methods (OwenIt\Auditing\Contracts\UserResolver::resolve) in /home/ubuntu/workspace/api/app/User.php on line 13
[06-Jun-2018 16:35:27 America/Bogota] PHP Fatal error:  Interface 'App\AuditableContracts' not found in /home/ubuntu/workspace/api/app/User.php on line 13
[06-Jun-2018 16:36:02 America/Bogota] PHP Fatal error:  Interface 'App\AuditableContracts' not found in /home/ubuntu/workspace/api/app/User.php on line 13
[06-Jun-2018 16:36:30 America/Bogota] PHP Fatal error:  Interface 'App\AuditableContracts' not found in /home/ubuntu/workspace/api/app/User.php on line 13
[06-Jun-2018 16:37:19 America/Bogota] PHP Fatal error:  Interface 'App\AuditableContracts' not found in /home/ubuntu/workspace/api/app/User.php on line 13
[06-Jun-2018 16:37:35 America/Bogota] PHP Fatal error:  Interface 'App\AuditableContracts' not found in /home/ubuntu/workspace/api/app/User.php on line 13
[06-Jun-2018 16:50:48 America/Bogota] PHP Fatal error:  Trait 'App\SoftDeletes' not found in /home/ubuntu/workspace/api/app/Users.php on line 39
[06-Jun-2018 17:52:18 America/Bogota] PHP Fatal error:  Class 'App\Eloquent' not found in /home/ubuntu/workspace/api/app/User.php on line 13
[19-Jul-2018 15:10:51 America/Bogota] PHP Fatal error:  Cannot use [] for reading in /home/ubuntu/workspace/api/app/Http/Controllers/TicketController.php on line 361
